# JRE version: OpenJDK Runtime Environment Microsoft-8035246 (17.0.8+7) (build 17.0.8+7-LTS)
# Java VM: OpenJDK 64-Bit Server VM Microsoft-8035246 (17.0.8+7-LTS, mixed mode, sharing, tiered, compressed oops, compressed class ptrs, g1 gc, windows-amd64)
GC Precious Log:
 CPUs: 4 total, 4 available
 Memory: 11984M
 Large Page Support: Disabled
 NUMA Support: Disabled
 Compressed Oops: Enabled (32-bit)
 Heap Region Size: 1M
 Heap Min Capacity: 8M
 Heap Initial Capacity: 188M
 Heap Max Capacity: 2G
 Pre-touch: Disabled
 Parallel Workers: 4
 Concurrent Workers: 1
 Concurrent Refinement Workers: 4
 Periodic GC: Disabled
Heap:
 garbage-first heap   total 347136K, used 198656K [0x0000000080000000, 0x0000000100000000)
  region size 1024K, 26 young (26624K), 4 survivors (4096K)
 Metaspace       used 100652K, committed 101696K, reserved 557056K
  class space    used 13848K, committed 14336K, reserved 425984K
GC Heap History (20 events):
Event: 19.820 GC heap before
{Heap before GC invocations=31 (full 0):
 garbage-first heap   total 129024K, used 72736K [0x0000000080000000, 0x0000000100000000)
  region size 1024K, 4 young (4096K), 1 survivors (1024K)
 Metaspace       used 67950K, committed 68672K, reserved 491520K
  class space    used 9319K, committed 9664K, reserved 425984K
}
Event: 19.823 GC heap after
{Heap after GC invocations=32 (full 0):
 garbage-first heap   total 129024K, used 72367K [0x0000000080000000, 0x0000000100000000)
  region size 1024K, 3 young (3072K), 3 survivors (3072K)
 Metaspace       used 67950K, committed 68672K, reserved 491520K
  class space    used 9319K, committed 9664K, reserved 425984K
}
Event: 20.266 GC heap before
{Heap before GC invocations=33 (full 0):
 garbage-first heap   total 148480K, used 100015K [0x0000000080000000, 0x0000000100000000)
  region size 1024K, 25 young (25600K), 3 survivors (3072K)
 Metaspace       used 69330K, committed 70016K, reserved 491520K
  class space    used 9505K, committed 9792K, reserved 425984K
}
Event: 20.273 GC heap after
{Heap after GC invocations=34 (full 0):
 garbage-first heap   total 148480K, used 73171K [0x0000000080000000, 0x0000000100000000)
  region size 1024K, 4 young (4096K), 4 survivors (4096K)
 Metaspace       used 69330K, committed 70016K, reserved 491520K
  class space    used 9505K, committed 9792K, reserved 425984K
}
Event: 20.318 GC heap before
{Heap before GC invocations=34 (full 0):
 garbage-first heap   total 148480K, used 76243K [0x0000000080000000, 0x0000000100000000)
  region size 1024K, 7 young (7168K), 4 survivors (4096K)
 Metaspace       used 69563K, committed 70272K, reserved 491520K
  class space    used 9538K, committed 9856K, reserved 425984K
}
Event: 20.323 GC heap after
{Heap after GC invocations=35 (full 0):
 garbage-first heap   total 148480K, used 73277K [0x0000000080000000, 0x0000000100000000)
  region size 1024K, 1 young (1024K), 1 survivors (1024K)
 Metaspace       used 69563K, committed 70272K, reserved 491520K
  class space    used 9538K, committed 9856K, reserved 425984K
}
Event: 20.737 GC heap before
{Heap before GC invocations=35 (full 0):
 garbage-first heap   total 148480K, used 95805K [0x0000000080000000, 0x0000000100000000)
  region size 1024K, 24 young (24576K), 1 survivors (1024K)
 Metaspace       used 71728K, committed 72448K, reserved 491520K
  class space    used 9793K, committed 10112K, reserved 425984K
}
Event: 20.743 GC heap after
{Heap after GC invocations=36 (full 0):
 garbage-first heap   total 347136K, used 74455K [0x0000000080000000, 0x0000000100000000)
  region size 1024K, 2 young (2048K), 2 survivors (2048K)
 Metaspace       used 71728K, committed 72448K, reserved 491520K
  class space    used 9793K, committed 10112K, reserved 425984K
}
Event: 27.376 GC heap before
{Heap before GC invocations=36 (full 0):
 garbage-first heap   total 347136K, used 232151K [0x0000000080000000, 0x0000000100000000)
  region size 1024K, 147 young (150528K), 2 survivors (2048K)
 Metaspace       used 80762K, committed 81472K, reserved 557056K
  class space    used 11212K, committed 11520K, reserved 425984K
}
Event: 27.401 GC heap after
{Heap after GC invocations=37 (full 0):
 garbage-first heap   total 347136K, used 97271K [0x0000000080000000, 0x0000000100000000)
  region size 1024K, 17 young (17408K), 17 survivors (17408K)
 Metaspace       used 80762K, committed 81472K, reserved 557056K
  class space    used 11212K, committed 11520K, reserved 425984K
}
Event: 30.269 GC heap before
{Heap before GC invocations=37 (full 0):
 garbage-first heap   total 347136K, used 248823K [0x0000000080000000, 0x0000000100000000)
  region size 1024K, 159 young (162816K), 17 survivors (17408K)
 Metaspace       used 88541K, committed 89344K, reserved 557056K
  class space    used 12311K, committed 12672K, reserved 425984K
}
Event: 30.306 GC heap after
{Heap after GC invocations=38 (full 0):
 garbage-first heap   total 347136K, used 123711K [0x0000000080000000, 0x0000000100000000)
  region size 1024K, 19 young (19456K), 19 survivors (19456K)
 Metaspace       used 88541K, committed 89344K, reserved 557056K
  class space    used 12311K, committed 12672K, reserved 425984K
}
Event: 37.592 GC heap before
{Heap before GC invocations=38 (full 0):
 garbage-first heap   total 347136K, used 251711K [0x0000000080000000, 0x0000000100000000)
  region size 1024K, 144 young (147456K), 19 survivors (19456K)
 Metaspace       used 94328K, committed 95232K, reserved 557056K
  class space    used 13060K, committed 13504K, reserved 425984K
}
Event: 37.639 GC heap after
{Heap after GC invocations=39 (full 0):
 garbage-first heap   total 347136K, used 136192K [0x0000000080000000, 0x0000000100000000)
  region size 1024K, 13 young (13312K), 13 survivors (13312K)
 Metaspace       used 94328K, committed 95232K, reserved 557056K
  class space    used 13060K, committed 13504K, reserved 425984K
}
Event: 43.357 GC heap before
{Heap before GC invocations=39 (full 0):
 garbage-first heap   total 347136K, used 258048K [0x0000000080000000, 0x0000000100000000)
  region size 1024K, 133 young (136192K), 13 survivors (13312K)
 Metaspace       used 99284K, committed 100416K, reserved 557056K
  class space    used 13720K, committed 14272K, reserved 425984K
}
Event: 43.415 GC heap after
{Heap after GC invocations=40 (full 0):
 garbage-first heap   total 347136K, used 154112K [0x0000000080000000, 0x0000000100000000)
  region size 1024K, 17 young (17408K), 17 survivors (17408K)
 Metaspace       used 99284K, committed 100416K, reserved 557056K
  class space    used 13720K, committed 14272K, reserved 425984K
}
Event: 45.462 GC heap before
{Heap before GC invocations=40 (full 0):
 garbage-first heap   total 347136K, used 261632K [0x0000000080000000, 0x0000000100000000)
  region size 1024K, 123 young (125952K), 17 survivors (17408K)
 Metaspace       used 100532K, committed 101568K, reserved 557056K
  class space    used 13842K, committed 14336K, reserved 425984K
}
Event: 45.506 GC heap after
{Heap after GC invocations=41 (full 0):
 garbage-first heap   total 347136K, used 165888K [0x0000000080000000, 0x0000000100000000)
  region size 1024K, 11 young (11264K), 11 survivors (11264K)
 Metaspace       used 100532K, committed 101568K, reserved 557056K
  class space    used 13842K, committed 14336K, reserved 425984K
}
Event: 46.166 GC heap before
{Heap before GC invocations=41 (full 0):
 garbage-first heap   total 347136K, used 210944K [0x0000000080000000, 0x0000000100000000)
  region size 1024K, 57 young (58368K), 11 survivors (11264K)
 Metaspace       used 100545K, committed 101568K, reserved 557056K
  class space    used 13842K, committed 14336K, reserved 425984K
}
Event: 46.191 GC heap after
{Heap after GC invocations=42 (full 0):
 garbage-first heap   total 347136K, used 169984K [0x0000000080000000, 0x0000000100000000)
  region size 1024K, 4 young (4096K), 4 survivors (4096K)
 Metaspace       used 100545K, committed 101568K, reserved 557056K
  class space    used 13842K, committed 14336K, reserved 425984K
}

